<?xml version="1.0" encoding="UTF-8" standalone="no"?>
<testsuite failures="6" name="cucumber.runtime.formatter.JUnitFormatter" skipped="0" tests="6" time="0">
    <testcase classname="Flipkart Application Test" name="Validate User on flipkart Page" time="0">
        <failure message="The scenario has pending or undefined step(s)">
            <![CDATA[Given user opens the browser................................................undefined
When user enters url........................................................undefined
Then user closes the popup..................................................undefined
Then validate user on home page.............................................undefined
]]>
        </failure>
    </testcase>
    <testcase classname="Flipkart Application Test" name="Validate user is on Buy Mobiles Page" time="0">
        <failure message="The scenario has pending or undefined step(s)">
            <![CDATA[Given user search mobile product............................................undefined
Then validate user is on mobiles page.......................................undefined
]]>
        </failure>
    </testcase>
    <testcase classname="Flipkart Application Test" name="Validate user able to select specified ram" time="0">
        <failure message="The scenario has pending or undefined step(s)">
            <![CDATA[Given user selects specified ram type.......................................undefined
Then validate ram selection.................................................undefined
]]>
        </failure>
    </testcase>
    <testcase classname="Flipkart Application Test" name="Validate user able to select specified brand" time="0">
        <failure message="The scenario has pending or undefined step(s)">
            <![CDATA[Given user selects specified brand type.....................................undefined
Then validate brand selection...............................................undefined
]]>
        </failure>
    </testcase>
    <testcase classname="Flipkart Application Test" name="Validate user able to select specified mobile name" time="0">
        <failure message="The scenario has pending or undefined step(s)">
            <![CDATA[Given user selects specified mobile name....................................undefined
Then validate mobile name selection.........................................undefined
]]>
        </failure>
    </testcase>
    <testcase classname="Flipkart Application Test" name="Validate user able to select compare brand and product" time="0">
        <failure message="The scenario has pending or undefined step(s)">
            <![CDATA[Given user selects compare brand and product selection......................undefined
Then validate compare brand and product.....................................undefined
]]>
        </failure>
    </testcase>
</testsuite>
